<?xml version="1.0" encoding="UTF-8"?>
<coverage generated="1657815836711" clover="3.2.0">
  <project timestamp="1657815836712" name="All files">
    <metrics statements="19" coveredstatements="19" conditionals="12" coveredconditionals="9" methods="2" coveredmethods="2" elements="33" coveredelements="30" complexity="0" loc="19" ncloc="19" packages="1" files="1" classes="1"/>
    <file name="validator.js" path="D:\LABORATORIA\SCL021-card-validation\src\validator.js">
      <metrics statements="19" coveredstatements="19" conditionals="12" coveredconditionals="9" methods="2" coveredmethods="2"/>
      <line num="1" count="1" type="stmt"/>
      <line num="7" count="3" type="cond" truecount="1" falsecount="1"/>
      <line num="8" count="3" type="stmt"/>
      <line num="11" count="3" type="cond" truecount="3" falsecount="1"/>
      <line num="13" count="3" type="stmt"/>
      <line num="14" count="3" type="stmt"/>
      <line num="16" count="3" type="stmt"/>
      <line num="18" count="34" type="stmt"/>
      <line num="19" count="34" type="cond" truecount="2" falsecount="0"/>
      <line num="20" count="16" type="stmt"/>
      <line num="21" count="16" type="cond" truecount="2" falsecount="0"/>
      <line num="22" count="8" type="stmt"/>
      <line num="25" count="34" type="stmt"/>
      <line num="27" count="3" type="stmt"/>
      <line num="33" count="3" type="cond" truecount="1" falsecount="1"/>
      <line num="34" count="3" type="stmt"/>
      <line num="37" count="3" type="stmt"/>
      <line num="38" count="3" type="stmt"/>
      <line num="39" count="3" type="stmt"/>
    </file>
  </project>
</coverage>
