{"D:\\LABORATORIA\\SCL021-card-validation\\src\\validator.js": {"path":"D:\\LABORATORIA\\SCL021-card-validation\\src\\validator.js","statementMap":{"0":{"start":{"line":1,"column":18},"end":{"line":42,"column":1}},"1":{"start":{"line":7,"column":4},"end":{"line":9,"column":5}},"2":{"start":{"line":8,"column":6},"end":{"line":8,"column":29}},"3":{"start":{"line":11,"column":4},"end":{"line":11,"column":62}},"4":{"start":{"line":11,"column":49},"end":{"line":11,"column":62}},"5":{"start":{"line":13,"column":14},"end":{"line":13,"column":15}},"6":{"start":{"line":14,"column":24},"end":{"line":14,"column":59}},"7":{"start":{"line":16,"column":4},"end":{"line":26,"column":5}},"8":{"start":{"line":16,"column":14},"end":{"line":16,"column":15}},"9":{"start":{"line":18,"column":25},"end":{"line":18,"column":42}},"10":{"start":{"line":19,"column":6},"end":{"line":24,"column":9}},"11":{"start":{"line":20,"column":8},"end":{"line":20,"column":27}},"12":{"start":{"line":21,"column":10},"end":{"line":23,"column":11}},"13":{"start":{"line":22,"column":12},"end":{"line":22,"column":112}},"14":{"start":{"line":25,"column":6},"end":{"line":25,"column":27}},"15":{"start":{"line":27,"column":4},"end":{"line":27,"column":24}},"16":{"start":{"line":33,"column":4},"end":{"line":35,"column":5}},"17":{"start":{"line":34,"column":6},"end":{"line":34,"column":29}},"18":{"start":{"line":37,"column":21},"end":{"line":37,"column":74}},"19":{"start":{"line":38,"column":25},"end":{"line":38,"column":73}},"20":{"start":{"line":39,"column":4},"end":{"line":39,"column":24}}},"fnMap":{"0":{"name":"(anonymous_0)","decl":{"start":{"line":6,"column":11},"end":{"line":6,"column":12}},"loc":{"start":{"line":6,"column":26},"end":{"line":28,"column":3}},"line":6},"1":{"name":"(anonymous_1)","decl":{"start":{"line":31,"column":11},"end":{"line":31,"column":12}},"loc":{"start":{"line":31,"column":26},"end":{"line":40,"column":3}},"line":31}},"branchMap":{"0":{"loc":{"start":{"line":7,"column":4},"end":{"line":9,"column":5}},"type":"if","locations":[{"start":{"line":7,"column":4},"end":{"line":9,"column":5}},{"start":{},"end":{}}],"line":7},"1":{"loc":{"start":{"line":11,"column":4},"end":{"line":11,"column":62}},"type":"if","locations":[{"start":{"line":11,"column":4},"end":{"line":11,"column":62}},{"start":{},"end":{}}],"line":11},"2":{"loc":{"start":{"line":11,"column":7},"end":{"line":11,"column":47}},"type":"binary-expr","locations":[{"start":{"line":11,"column":7},"end":{"line":11,"column":23}},{"start":{"line":11,"column":27},"end":{"line":11,"column":47}}],"line":11},"3":{"loc":{"start":{"line":19,"column":6},"end":{"line":24,"column":9}},"type":"if","locations":[{"start":{"line":19,"column":6},"end":{"line":24,"column":9}},{"start":{},"end":{}}],"line":19},"4":{"loc":{"start":{"line":21,"column":10},"end":{"line":23,"column":11}},"type":"if","locations":[{"start":{"line":21,"column":10},"end":{"line":23,"column":11}},{"start":{},"end":{}}],"line":21},"5":{"loc":{"start":{"line":33,"column":4},"end":{"line":35,"column":5}},"type":"if","locations":[{"start":{"line":33,"column":4},"end":{"line":35,"column":5}},{"start":{},"end":{}}],"line":33}},"s":{"0":1,"1":3,"2":3,"3":3,"4":0,"5":3,"6":3,"7":3,"8":3,"9":34,"10":34,"11":16,"12":16,"13":8,"14":34,"15":3,"16":3,"17":3,"18":3,"19":3,"20":3},"f":{"0":3,"1":3},"b":{"0":[3,0],"1":[0,3],"2":[3,3],"3":[16,18],"4":[8,8],"5":[3,0]},"_coverageSchema":"1a1c01bbd47fc00a2c39e90264f33305004495a9","hash":"812d61481934990a31b5caa11e231b3853ec3b10"}
}
